<?xml version="1.0" encoding="UTF-8"?>
<testng-results ignored="0" total="1" passed="1" failed="0" skipped="0">
  <reporter-output>
  </reporter-output>
  <suite started-at="2023-07-20T23:57:54 IST" name="Default suite" finished-at="2023-07-21T00:02:15 IST" duration-ms="260382">
    <groups>
    </groups>
    <test started-at="2023-07-20T23:57:54 IST" name="Default test" finished-at="2023-07-21T00:02:15 IST" duration-ms="260382">
      <class name="testcases.TC003_CoderedRegisterTest2">
        <test-method is-config="true" signature="setup()[pri:0, instance:testcases.TC003_CoderedRegisterTest2@28261e8e]" started-at="2023-07-20T23:57:54 IST" name="setup" finished-at="2023-07-20T23:58:01 IST" duration-ms="6612" status="PASS">
          <reporter-output>
          </reporter-output>
        </test-method> <!-- setup -->
        <test-method signature="codered_test_Registration2()[pri:0, instance:testcases.TC003_CoderedRegisterTest2@28261e8e]" started-at="2023-07-20T23:58:01 IST" name="codered_test_Registration2" finished-at="2023-07-21T00:02:14 IST" duration-ms="253301" status="PASS">
          <reporter-output>
          </reporter-output>
        </test-method> <!-- codered_test_Registration2 -->
        <test-method is-config="true" signature="teardown()[pri:0, instance:testcases.TC003_CoderedRegisterTest2@28261e8e]" started-at="2023-07-21T00:02:14 IST" name="teardown" finished-at="2023-07-21T00:02:15 IST" duration-ms="431" status="PASS">
          <reporter-output>
          </reporter-output>
        </test-method> <!-- teardown -->
      </class> <!-- testcases.TC003_CoderedRegisterTest2 -->
    </test> <!-- Default test -->
  </suite> <!-- Default suite -->
</testng-results>
