<?xml version="1.0" encoding="UTF-8"?>
<testng-results ignored="0" total="1" passed="1" failed="0" skipped="0">
  <reporter-output>
  </reporter-output>
  <suite started-at="2023-07-18T23:25:25 IST" name="Default suite" finished-at="2023-07-18T23:26:03 IST" duration-ms="38246">
    <groups>
    </groups>
    <test started-at="2023-07-18T23:25:25 IST" name="Default test" finished-at="2023-07-18T23:26:03 IST" duration-ms="38246">
      <class name="testcases.TC002_coderedRegister">
        <test-method is-config="true" signature="setup()[pri:0, instance:testcases.TC002_coderedRegister@8519cb4]" started-at="2023-07-18T23:25:25 IST" name="setup" finished-at="2023-07-18T23:25:43 IST" duration-ms="18375" status="PASS">
          <reporter-output>
          </reporter-output>
        </test-method> <!-- setup -->
        <test-method signature="codered_test_Registration()[pri:0, instance:testcases.TC002_coderedRegister@8519cb4]" started-at="2023-07-18T23:25:44 IST" name="codered_test_Registration" finished-at="2023-07-18T23:26:02 IST" duration-ms="18509" status="PASS">
          <reporter-output>
          </reporter-output>
        </test-method> <!-- codered_test_Registration -->
        <test-method is-config="true" signature="teardown()[pri:0, instance:testcases.TC002_coderedRegister@8519cb4]" started-at="2023-07-18T23:26:02 IST" name="teardown" finished-at="2023-07-18T23:26:03 IST" duration-ms="1211" status="PASS">
          <reporter-output>
          </reporter-output>
        </test-method> <!-- teardown -->
      </class> <!-- testcases.TC002_coderedRegister -->
    </test> <!-- Default test -->
  </suite> <!-- Default suite -->
</testng-results>
